<?xml version="1.0" encoding="UTF-8"?>
<testsuite xmlns:xsi="http://www.w3.org/2001/XMLSchema-instance" xsi:noNamespaceSchemaLocation="https://maven.apache.org/surefire/maven-surefire-plugin/xsd/surefire-test-report-3.0.xsd" version="3.0" name="unlp.info.bd2.ToursApplicationTests" time="8.174" tests="10" errors="8" skipped="0" failures="2">
  <properties>
    <property name="java.specification.version" value="21"/>
    <property name="sun.cpu.isalist" value="amd64"/>
    <property name="sun.jnu.encoding" value="Cp1252"/>
    <property name="java.class.path" value="C:\Users\ide08\Desktop\tpbd2025_tours-main\target\test-classes;C:\Users\ide08\Desktop\tpbd2025_tours-main\target\classes;C:\Users\ide08\.m2\repository\org\springframework\boot\spring-boot-starter\3.2.3\spring-boot-starter-3.2.3.jar;C:\Users\ide08\.m2\repository\org\springframework\boot\spring-boot\3.2.3\spring-boot-3.2.3.jar;C:\Users\ide08\.m2\repository\org\springframework\spring-context\6.1.4\spring-context-6.1.4.jar;C:\Users\ide08\.m2\repository\org\springframework\spring-aop\6.1.4\spring-aop-6.1.4.jar;C:\Users\ide08\.m2\repository\org\springframework\spring-expression\6.1.4\spring-expression-6.1.4.jar;C:\Users\ide08\.m2\repository\io\micrometer\micrometer-observation\1.12.3\micrometer-observation-1.12.3.jar;C:\Users\ide08\.m2\repository\io\micrometer\micrometer-commons\1.12.3\micrometer-commons-1.12.3.jar;C:\Users\ide08\.m2\repository\org\springframework\boot\spring-boot-autoconfigure\3.2.3\spring-boot-autoconfigure-3.2.3.jar;C:\Users\ide08\.m2\repository\org\springframework\boot\spring-boot-starter-logging\3.2.3\spring-boot-starter-logging-3.2.3.jar;C:\Users\ide08\.m2\repository\ch\qos\logback\logback-classic\1.4.14\logback-classic-1.4.14.jar;C:\Users\ide08\.m2\repository\ch\qos\logback\logback-core\1.4.14\logback-core-1.4.14.jar;C:\Users\ide08\.m2\repository\org\apache\logging\log4j\log4j-to-slf4j\2.21.1\log4j-to-slf4j-2.21.1.jar;C:\Users\ide08\.m2\repository\org\apache\logging\log4j\log4j-api\2.21.1\log4j-api-2.21.1.jar;C:\Users\ide08\.m2\repository\org\slf4j\jul-to-slf4j\2.0.12\jul-to-slf4j-2.0.12.jar;C:\Users\ide08\.m2\repository\jakarta\annotation\jakarta.annotation-api\2.1.1\jakarta.annotation-api-2.1.1.jar;C:\Users\ide08\.m2\repository\org\springframework\spring-core\6.1.4\spring-core-6.1.4.jar;C:\Users\ide08\.m2\repository\org\springframework\spring-jcl\6.1.4\spring-jcl-6.1.4.jar;C:\Users\ide08\.m2\repository\org\yaml\snakeyaml\2.2\snakeyaml-2.2.jar;C:\Users\ide08\.m2\repository\org\springframework\spring-tx\6.0.12\spring-tx-6.0.12.jar;C:\Users\ide08\.m2\repository\org\springframework\spring-beans\6.1.4\spring-beans-6.1.4.jar;C:\Users\ide08\.m2\repository\org\springframework\spring-orm\6.0.12\spring-orm-6.0.12.jar;C:\Users\ide08\.m2\repository\org\springframework\spring-jdbc\6.1.4\spring-jdbc-6.1.4.jar;C:\Users\ide08\.m2\repository\org\hibernate\orm\hibernate-core\6.4.3.Final\hibernate-core-6.4.3.Final.jar;C:\Users\ide08\.m2\repository\jakarta\persistence\jakarta.persistence-api\3.1.0\jakarta.persistence-api-3.1.0.jar;C:\Users\ide08\.m2\repository\jakarta\transaction\jakarta.transaction-api\2.0.1\jakarta.transaction-api-2.0.1.jar;C:\Users\ide08\.m2\repository\org\jboss\logging\jboss-logging\3.5.3.Final\jboss-logging-3.5.3.Final.jar;C:\Users\ide08\.m2\repository\org\hibernate\common\hibernate-commons-annotations\6.0.6.Final\hibernate-commons-annotations-6.0.6.Final.jar;C:\Users\ide08\.m2\repository\io\smallrye\jandex\3.1.2\jandex-3.1.2.jar;C:\Users\ide08\.m2\repository\com\fasterxml\classmate\1.6.0\classmate-1.6.0.jar;C:\Users\ide08\.m2\repository\net\bytebuddy\byte-buddy\1.14.12\byte-buddy-1.14.12.jar;C:\Users\ide08\.m2\repository\jakarta\xml\bind\jakarta.xml.bind-api\4.0.1\jakarta.xml.bind-api-4.0.1.jar;C:\Users\ide08\.m2\repository\jakarta\activation\jakarta.activation-api\2.1.2\jakarta.activation-api-2.1.2.jar;C:\Users\ide08\.m2\repository\org\glassfish\jaxb\jaxb-runtime\4.0.4\jaxb-runtime-4.0.4.jar;C:\Users\ide08\.m2\repository\org\glassfish\jaxb\jaxb-core\4.0.4\jaxb-core-4.0.4.jar;C:\Users\ide08\.m2\repository\org\eclipse\angus\angus-activation\2.0.1\angus-activation-2.0.1.jar;C:\Users\ide08\.m2\repository\org\glassfish\jaxb\txw2\4.0.4\txw2-4.0.4.jar;C:\Users\ide08\.m2\repository\com\sun\istack\istack-commons-runtime\4.1.2\istack-commons-runtime-4.1.2.jar;C:\Users\ide08\.m2\repository\jakarta\inject\jakarta.inject-api\2.0.1\jakarta.inject-api-2.0.1.jar;C:\Users\ide08\.m2\repository\org\antlr\antlr4-runtime\4.13.0\antlr4-runtime-4.13.0.jar;C:\Users\ide08\.m2\repository\com\mysql\mysql-connector-j\9.2.0\mysql-connector-j-9.2.0.jar;C:\Users\ide08\.m2\repository\org\springframework\boot\spring-boot-starter-jdbc\3.2.3\spring-boot-starter-jdbc-3.2.3.jar;C:\Users\ide08\.m2\repository\com\zaxxer\HikariCP\5.0.1\HikariCP-5.0.1.jar;C:\Users\ide08\.m2\repository\org\slf4j\slf4j-api\2.0.12\slf4j-api-2.0.12.jar;C:\Users\ide08\.m2\repository\org\springframework\boot\spring-boot-starter-test\3.2.3\spring-boot-starter-test-3.2.3.jar;C:\Users\ide08\.m2\repository\org\springframework\boot\spring-boot-test\3.2.3\spring-boot-test-3.2.3.jar;C:\Users\ide08\.m2\repository\org\springframework\boot\spring-boot-test-autoconfigure\3.2.3\spring-boot-test-autoconfigure-3.2.3.jar;C:\Users\ide08\.m2\repository\com\jayway\jsonpath\json-path\2.9.0\json-path-2.9.0.jar;C:\Users\ide08\.m2\repository\net\minidev\json-smart\2.5.0\json-smart-2.5.0.jar;C:\Users\ide08\.m2\repository\net\minidev\accessors-smart\2.5.0\accessors-smart-2.5.0.jar;C:\Users\ide08\.m2\repository\org\ow2\asm\asm\9.3\asm-9.3.jar;C:\Users\ide08\.m2\repository\org\assertj\assertj-core\3.24.2\assertj-core-3.24.2.jar;C:\Users\ide08\.m2\repository\org\awaitility\awaitility\4.2.0\awaitility-4.2.0.jar;C:\Users\ide08\.m2\repository\org\hamcrest\hamcrest\2.2\hamcrest-2.2.jar;C:\Users\ide08\.m2\repository\org\junit\jupiter\junit-jupiter\5.10.2\junit-jupiter-5.10.2.jar;C:\Users\ide08\.m2\repository\org\junit\jupiter\junit-jupiter-api\5.10.2\junit-jupiter-api-5.10.2.jar;C:\Users\ide08\.m2\repository\org\opentest4j\opentest4j\1.3.0\opentest4j-1.3.0.jar;C:\Users\ide08\.m2\repository\org\junit\platform\junit-platform-commons\1.10.2\junit-platform-commons-1.10.2.jar;C:\Users\ide08\.m2\repository\org\apiguardian\apiguardian-api\1.1.2\apiguardian-api-1.1.2.jar;C:\Users\ide08\.m2\repository\org\junit\jupiter\junit-jupiter-params\5.10.2\junit-jupiter-params-5.10.2.jar;C:\Users\ide08\.m2\repository\org\junit\jupiter\junit-jupiter-engine\5.10.2\junit-jupiter-engine-5.10.2.jar;C:\Users\ide08\.m2\repository\org\junit\platform\junit-platform-engine\1.10.2\junit-platform-engine-1.10.2.jar;C:\Users\ide08\.m2\repository\org\mockito\mockito-core\5.7.0\mockito-core-5.7.0.jar;C:\Users\ide08\.m2\repository\net\bytebuddy\byte-buddy-agent\1.14.12\byte-buddy-agent-1.14.12.jar;C:\Users\ide08\.m2\repository\org\objenesis\objenesis\3.3\objenesis-3.3.jar;C:\Users\ide08\.m2\repository\org\mockito\mockito-junit-jupiter\5.7.0\mockito-junit-jupiter-5.7.0.jar;C:\Users\ide08\.m2\repository\org\skyscreamer\jsonassert\1.5.1\jsonassert-1.5.1.jar;C:\Users\ide08\.m2\repository\com\vaadin\external\google\android-json\0.0.20131108.vaadin1\android-json-0.0.20131108.vaadin1.jar;C:\Users\ide08\.m2\repository\org\springframework\spring-test\6.1.4\spring-test-6.1.4.jar;C:\Users\ide08\.m2\repository\org\xmlunit\xmlunit-core\2.9.1\xmlunit-core-2.9.1.jar;C:\Users\ide08\.m2\repository\commons-dbcp\commons-dbcp\1.4\commons-dbcp-1.4.jar;C:\Users\ide08\.m2\repository\commons-pool\commons-pool\1.6\commons-pool-1.6.jar;C:\Users\ide08\.m2\repository\junit\junit\4.13.2\junit-4.13.2.jar;C:\Users\ide08\.m2\repository\org\hamcrest\hamcrest-core\2.2\hamcrest-core-2.2.jar;C:\Users\ide08\.m2\repository\org\projectlombok\lombok\1.18.30\lombok-1.18.30.jar;C:\Users\ide08\.m2\repository\org\springframework\boot\spring-boot-starter-validation\3.2.3\spring-boot-starter-validation-3.2.3.jar;C:\Users\ide08\.m2\repository\org\apache\tomcat\embed\tomcat-embed-el\10.1.19\tomcat-embed-el-10.1.19.jar;C:\Users\ide08\.m2\repository\org\hibernate\validator\hibernate-validator\8.0.1.Final\hibernate-validator-8.0.1.Final.jar;C:\Users\ide08\.m2\repository\jakarta\validation\jakarta.validation-api\3.0.2\jakarta.validation-api-3.0.2.jar;"/>
    <property name="java.vm.vendor" value="Oracle Corporation"/>
    <property name="sun.arch.data.model" value="64"/>
    <property name="user.variant" value=""/>
    <property name="java.vendor.url" value="https://java.oracle.com/"/>
    <property name="user.timezone" value="America/Buenos_Aires"/>
    <property name="user.country.format" value="AR"/>
    <property name="os.name" value="Windows 11"/>
    <property name="java.vm.specification.version" value="21"/>
    <property name="sun.java.launcher" value="SUN_STANDARD"/>
    <property name="user.country" value="US"/>
    <property name="sun.boot.library.path" value="C:\Program Files\Java\jdk-21\bin"/>
    <property name="sun.java.command" value="C:\Users\ide08\AppData\Local\Temp\surefire8249117076606981583\surefirebooter-20250329191346284_3.jar C:\Users\ide08\AppData\Local\Temp\surefire8249117076606981583 2025-03-29T19-13-46_029-jvmRun1 surefire-20250329191346284_1tmp surefire_0-20250329191346284_2tmp"/>
    <property name="jdk.debug" value="release"/>
    <property name="surefire.test.class.path" value="C:\Users\ide08\Desktop\tpbd2025_tours-main\target\test-classes;C:\Users\ide08\Desktop\tpbd2025_tours-main\target\classes;C:\Users\ide08\.m2\repository\org\springframework\boot\spring-boot-starter\3.2.3\spring-boot-starter-3.2.3.jar;C:\Users\ide08\.m2\repository\org\springframework\boot\spring-boot\3.2.3\spring-boot-3.2.3.jar;C:\Users\ide08\.m2\repository\org\springframework\spring-context\6.1.4\spring-context-6.1.4.jar;C:\Users\ide08\.m2\repository\org\springframework\spring-aop\6.1.4\spring-aop-6.1.4.jar;C:\Users\ide08\.m2\repository\org\springframework\spring-expression\6.1.4\spring-expression-6.1.4.jar;C:\Users\ide08\.m2\repository\io\micrometer\micrometer-observation\1.12.3\micrometer-observation-1.12.3.jar;C:\Users\ide08\.m2\repository\io\micrometer\micrometer-commons\1.12.3\micrometer-commons-1.12.3.jar;C:\Users\ide08\.m2\repository\org\springframework\boot\spring-boot-autoconfigure\3.2.3\spring-boot-autoconfigure-3.2.3.jar;C:\Users\ide08\.m2\repository\org\springframework\boot\spring-boot-starter-logging\3.2.3\spring-boot-starter-logging-3.2.3.jar;C:\Users\ide08\.m2\repository\ch\qos\logback\logback-classic\1.4.14\logback-classic-1.4.14.jar;C:\Users\ide08\.m2\repository\ch\qos\logback\logback-core\1.4.14\logback-core-1.4.14.jar;C:\Users\ide08\.m2\repository\org\apache\logging\log4j\log4j-to-slf4j\2.21.1\log4j-to-slf4j-2.21.1.jar;C:\Users\ide08\.m2\repository\org\apache\logging\log4j\log4j-api\2.21.1\log4j-api-2.21.1.jar;C:\Users\ide08\.m2\repository\org\slf4j\jul-to-slf4j\2.0.12\jul-to-slf4j-2.0.12.jar;C:\Users\ide08\.m2\repository\jakarta\annotation\jakarta.annotation-api\2.1.1\jakarta.annotation-api-2.1.1.jar;C:\Users\ide08\.m2\repository\org\springframework\spring-core\6.1.4\spring-core-6.1.4.jar;C:\Users\ide08\.m2\repository\org\springframework\spring-jcl\6.1.4\spring-jcl-6.1.4.jar;C:\Users\ide08\.m2\repository\org\yaml\snakeyaml\2.2\snakeyaml-2.2.jar;C:\Users\ide08\.m2\repository\org\springframework\spring-tx\6.0.12\spring-tx-6.0.12.jar;C:\Users\ide08\.m2\repository\org\springframework\spring-beans\6.1.4\spring-beans-6.1.4.jar;C:\Users\ide08\.m2\repository\org\springframework\spring-orm\6.0.12\spring-orm-6.0.12.jar;C:\Users\ide08\.m2\repository\org\springframework\spring-jdbc\6.1.4\spring-jdbc-6.1.4.jar;C:\Users\ide08\.m2\repository\org\hibernate\orm\hibernate-core\6.4.3.Final\hibernate-core-6.4.3.Final.jar;C:\Users\ide08\.m2\repository\jakarta\persistence\jakarta.persistence-api\3.1.0\jakarta.persistence-api-3.1.0.jar;C:\Users\ide08\.m2\repository\jakarta\transaction\jakarta.transaction-api\2.0.1\jakarta.transaction-api-2.0.1.jar;C:\Users\ide08\.m2\repository\org\jboss\logging\jboss-logging\3.5.3.Final\jboss-logging-3.5.3.Final.jar;C:\Users\ide08\.m2\repository\org\hibernate\common\hibernate-commons-annotations\6.0.6.Final\hibernate-commons-annotations-6.0.6.Final.jar;C:\Users\ide08\.m2\repository\io\smallrye\jandex\3.1.2\jandex-3.1.2.jar;C:\Users\ide08\.m2\repository\com\fasterxml\classmate\1.6.0\classmate-1.6.0.jar;C:\Users\ide08\.m2\repository\net\bytebuddy\byte-buddy\1.14.12\byte-buddy-1.14.12.jar;C:\Users\ide08\.m2\repository\jakarta\xml\bind\jakarta.xml.bind-api\4.0.1\jakarta.xml.bind-api-4.0.1.jar;C:\Users\ide08\.m2\repository\jakarta\activation\jakarta.activation-api\2.1.2\jakarta.activation-api-2.1.2.jar;C:\Users\ide08\.m2\repository\org\glassfish\jaxb\jaxb-runtime\4.0.4\jaxb-runtime-4.0.4.jar;C:\Users\ide08\.m2\repository\org\glassfish\jaxb\jaxb-core\4.0.4\jaxb-core-4.0.4.jar;C:\Users\ide08\.m2\repository\org\eclipse\angus\angus-activation\2.0.1\angus-activation-2.0.1.jar;C:\Users\ide08\.m2\repository\org\glassfish\jaxb\txw2\4.0.4\txw2-4.0.4.jar;C:\Users\ide08\.m2\repository\com\sun\istack\istack-commons-runtime\4.1.2\istack-commons-runtime-4.1.2.jar;C:\Users\ide08\.m2\repository\jakarta\inject\jakarta.inject-api\2.0.1\jakarta.inject-api-2.0.1.jar;C:\Users\ide08\.m2\repository\org\antlr\antlr4-runtime\4.13.0\antlr4-runtime-4.13.0.jar;C:\Users\ide08\.m2\repository\com\mysql\mysql-connector-j\9.2.0\mysql-connector-j-9.2.0.jar;C:\Users\ide08\.m2\repository\org\springframework\boot\spring-boot-starter-jdbc\3.2.3\spring-boot-starter-jdbc-3.2.3.jar;C:\Users\ide08\.m2\repository\com\zaxxer\HikariCP\5.0.1\HikariCP-5.0.1.jar;C:\Users\ide08\.m2\repository\org\slf4j\slf4j-api\2.0.12\slf4j-api-2.0.12.jar;C:\Users\ide08\.m2\repository\org\springframework\boot\spring-boot-starter-test\3.2.3\spring-boot-starter-test-3.2.3.jar;C:\Users\ide08\.m2\repository\org\springframework\boot\spring-boot-test\3.2.3\spring-boot-test-3.2.3.jar;C:\Users\ide08\.m2\repository\org\springframework\boot\spring-boot-test-autoconfigure\3.2.3\spring-boot-test-autoconfigure-3.2.3.jar;C:\Users\ide08\.m2\repository\com\jayway\jsonpath\json-path\2.9.0\json-path-2.9.0.jar;C:\Users\ide08\.m2\repository\net\minidev\json-smart\2.5.0\json-smart-2.5.0.jar;C:\Users\ide08\.m2\repository\net\minidev\accessors-smart\2.5.0\accessors-smart-2.5.0.jar;C:\Users\ide08\.m2\repository\org\ow2\asm\asm\9.3\asm-9.3.jar;C:\Users\ide08\.m2\repository\org\assertj\assertj-core\3.24.2\assertj-core-3.24.2.jar;C:\Users\ide08\.m2\repository\org\awaitility\awaitility\4.2.0\awaitility-4.2.0.jar;C:\Users\ide08\.m2\repository\org\hamcrest\hamcrest\2.2\hamcrest-2.2.jar;C:\Users\ide08\.m2\repository\org\junit\jupiter\junit-jupiter\5.10.2\junit-jupiter-5.10.2.jar;C:\Users\ide08\.m2\repository\org\junit\jupiter\junit-jupiter-api\5.10.2\junit-jupiter-api-5.10.2.jar;C:\Users\ide08\.m2\repository\org\opentest4j\opentest4j\1.3.0\opentest4j-1.3.0.jar;C:\Users\ide08\.m2\repository\org\junit\platform\junit-platform-commons\1.10.2\junit-platform-commons-1.10.2.jar;C:\Users\ide08\.m2\repository\org\apiguardian\apiguardian-api\1.1.2\apiguardian-api-1.1.2.jar;C:\Users\ide08\.m2\repository\org\junit\jupiter\junit-jupiter-params\5.10.2\junit-jupiter-params-5.10.2.jar;C:\Users\ide08\.m2\repository\org\junit\jupiter\junit-jupiter-engine\5.10.2\junit-jupiter-engine-5.10.2.jar;C:\Users\ide08\.m2\repository\org\junit\platform\junit-platform-engine\1.10.2\junit-platform-engine-1.10.2.jar;C:\Users\ide08\.m2\repository\org\mockito\mockito-core\5.7.0\mockito-core-5.7.0.jar;C:\Users\ide08\.m2\repository\net\bytebuddy\byte-buddy-agent\1.14.12\byte-buddy-agent-1.14.12.jar;C:\Users\ide08\.m2\repository\org\objenesis\objenesis\3.3\objenesis-3.3.jar;C:\Users\ide08\.m2\repository\org\mockito\mockito-junit-jupiter\5.7.0\mockito-junit-jupiter-5.7.0.jar;C:\Users\ide08\.m2\repository\org\skyscreamer\jsonassert\1.5.1\jsonassert-1.5.1.jar;C:\Users\ide08\.m2\repository\com\vaadin\external\google\android-json\0.0.20131108.vaadin1\android-json-0.0.20131108.vaadin1.jar;C:\Users\ide08\.m2\repository\org\springframework\spring-test\6.1.4\spring-test-6.1.4.jar;C:\Users\ide08\.m2\repository\org\xmlunit\xmlunit-core\2.9.1\xmlunit-core-2.9.1.jar;C:\Users\ide08\.m2\repository\commons-dbcp\commons-dbcp\1.4\commons-dbcp-1.4.jar;C:\Users\ide08\.m2\repository\commons-pool\commons-pool\1.6\commons-pool-1.6.jar;C:\Users\ide08\.m2\repository\junit\junit\4.13.2\junit-4.13.2.jar;C:\Users\ide08\.m2\repository\org\hamcrest\hamcrest-core\2.2\hamcrest-core-2.2.jar;C:\Users\ide08\.m2\repository\org\projectlombok\lombok\1.18.30\lombok-1.18.30.jar;C:\Users\ide08\.m2\repository\org\springframework\boot\spring-boot-starter-validation\3.2.3\spring-boot-starter-validation-3.2.3.jar;C:\Users\ide08\.m2\repository\org\apache\tomcat\embed\tomcat-embed-el\10.1.19\tomcat-embed-el-10.1.19.jar;C:\Users\ide08\.m2\repository\org\hibernate\validator\hibernate-validator\8.0.1.Final\hibernate-validator-8.0.1.Final.jar;C:\Users\ide08\.m2\repository\jakarta\validation\jakarta.validation-api\3.0.2\jakarta.validation-api-3.0.2.jar;"/>
    <property name="sun.cpu.endian" value="little"/>
    <property name="user.home" value="C:\Users\ide08"/>
    <property name="user.language" value="en"/>
    <property name="java.specification.vendor" value="Oracle Corporation"/>
    <property name="java.version.date" value="2024-01-16"/>
    <property name="java.home" value="C:\Program Files\Java\jdk-21"/>
    <property name="file.separator" value="\"/>
    <property name="basedir" value="C:\Users\ide08\Desktop\tpbd2025_tours-main"/>
    <property name="java.vm.compressedOopsMode" value="Zero based"/>
    <property name="line.separator" value="&#10;"/>
    <property name="java.vm.specification.vendor" value="Oracle Corporation"/>
    <property name="java.specification.name" value="Java Platform API Specification"/>
    <property name="surefire.real.class.path" value="C:\Users\ide08\AppData\Local\Temp\surefire8249117076606981583\surefirebooter-20250329191346284_3.jar"/>
    <property name="user.script" value=""/>
    <property name="sun.management.compiler" value="HotSpot 64-Bit Tiered Compilers"/>
    <property name="java.runtime.version" value="21.0.2+13-LTS-58"/>
    <property name="user.name" value="ide08"/>
    <property name="stdout.encoding" value="Cp1252"/>
    <property name="path.separator" value=";"/>
    <property name="os.version" value="10.0"/>
    <property name="java.runtime.name" value="Java(TM) SE Runtime Environment"/>
    <property name="file.encoding" value="UTF-8"/>
    <property name="java.vm.name" value="Java HotSpot(TM) 64-Bit Server VM"/>
    <property name="localRepository" value="C:\Users\ide08\.m2\repository"/>
    <property name="java.vendor.url.bug" value="https://bugreport.java.com/bugreport/"/>
    <property name="java.io.tmpdir" value="C:\Users\ide08\AppData\Local\Temp\"/>
    <property name="java.version" value="21.0.2"/>
    <property name="user.dir" value="C:\Users\ide08\Desktop\tpbd2025_tours-main"/>
    <property name="os.arch" value="amd64"/>
    <property name="java.vm.specification.name" value="Java Virtual Machine Specification"/>
    <property name="user.language.format" value="es"/>
    <property name="sun.os.patch.level" value=""/>
    <property name="native.encoding" value="Cp1252"/>
    <property name="java.library.path" value="C:\Program Files\Java\jdk-21\bin;C:\WINDOWS\Sun\Java\bin;C:\WINDOWS\system32;C:\WINDOWS;C:\Program Files (x86)\VMware\VMware Workstation\bin\;C:\Program Files\Common Files\Oracle\Java\javapath;C:\Program Files (x86)\Common Files\Oracle\Java\java8path;C:\Program Files (x86)\Common Files\Oracle\Java\javapath;C:\Program Files\Eclipse Adoptium\jdk-17.0.7.7-hotspot\bin;C:\WINDOWS\system32;C:\WINDOWS;C:\WINDOWS\System32\Wbem;C:\WINDOWS\System32\WindowsPowerShell\v1.0\;C:\WINDOWS\System32\OpenSSH\;C:\FPC\3.2.2\bin\i386-Win32;C:\Program Files\dotnet\;C:\Users\ide08\AppData\Local\Programs\Python\Python312;C:\Users\ide08\AppData\Local\Programs\Python\Python312\Scripts;C:\Program Files\nodejs\;C:\Program Files\Git\cmd;C:\My Stuff\Files\apache-maven-3.8.8\bin;C:\Program Files\MySQL\MySQL Server 8.0\bin;C:\Program Files (x86)\Windows Kits\10\Windows Performance Toolkit\;C:\Program Files\MySQL\MySQL Shell 8.0\bin\;C:\Users\ide08\AppData\Local\Programs\Python\Python312\Scripts;C:\Users\ide08\AppData\Local\Programs\Python\Python312;C:\Users\ide08\AppData\Local\Programs\Python\Launcher\;C:\Users\ide08\AppData\Local\Microsoft\WindowsApps;&quot;C:\Users\ide08\AppData\Local\Programs\Microsoft VS Code\bin;C:\FPC\2.6.0\bin\i386-win32\&quot;;C:\Users\ide08\.dotnet\tools;C:\Users\ide08\AppData\Local\Programs\Microsoft VS Code\bin;C:\Users\ide08\AppData\Roaming\npm;C:\Program Files\JetBrains\IntelliJ IDEA 2024.3.1.1\bin;;C:\My Stuff\Files\apache-maven-3.8.8\bin;C:\mingw64\bin;C:\My Stuff\Files\upx-4.2.4-win64;;."/>
    <property name="java.vm.info" value="mixed mode, sharing"/>
    <property name="stderr.encoding" value="Cp1252"/>
    <property name="java.vendor" value="Oracle Corporation"/>
    <property name="java.vm.version" value="21.0.2+13-LTS-58"/>
    <property name="sun.io.unicode.encoding" value="UnicodeLittle"/>
    <property name="java.class.version" value="65.0"/>
  </properties>
  <testcase name="addReviewToPurchaseTest" classname="unlp.info.bd2.ToursApplicationTests" time="1.531">
    <error message="Cannot invoke &quot;java.util.Optional.isPresent()&quot; because &quot;optionalPurchase&quot; is null" type="java.lang.NullPointerException"><![CDATA[java.lang.NullPointerException: Cannot invoke "java.util.Optional.isPresent()" because "optionalPurchase" is null
	at unlp.info.bd2.ToursApplicationTests.addReviewToPurchaseTest(ToursApplicationTests.java:286)
	at java.base/java.lang.reflect.Method.invoke(Method.java:580)
	at java.base/java.util.ArrayList.forEach(ArrayList.java:1596)
	at java.base/java.util.ArrayList.forEach(ArrayList.java:1596)
]]></error>
    <system-out><![CDATA[19:13:48.908 [main] INFO org.hibernate.Version -- HHH000412: Hibernate ORM core version 6.4.3.Final
19:13:49.040 [main] INFO org.hibernate.cache.internal.RegionFactoryInitiator -- HHH000026: Second-level cache disabled
19:13:49.816 [main] WARN org.hibernate.orm.deprecation -- HHH90000025: MySQLDialect does not need to be specified explicitly using 'hibernate.dialect' (remove the property setting and it will be selected by default)
19:13:50.702 [main] INFO org.hibernate.validator.internal.util.Version -- HV000001: Hibernate Validator 8.0.1.Final
19:13:51.771 [main] INFO org.hibernate.metamodel.internal.EntityInstantiatorPojoStandard -- HHH000182: No default (no-argument) constructor for class: unlp.info.bd2.model.Stop (class must be instantiated by Interceptor)
19:13:52.414 [main] INFO org.hibernate.engine.transaction.jta.platform.internal.JtaPlatformInitiator -- HHH000489: No JTA platform available (set 'hibernate.transaction.jta.platform' to enable JTA platform integration)
Hibernate: 
    alter table itemService 
       drop 
       foreign key FK3fbbga5kfjuayy3gc85x7cln3
Hibernate: 
    alter table itemService 
       drop 
       foreign key FKou28loyvo5p5evnmi6re1yvxb
Hibernate: 
    alter table Purchase 
       drop 
       foreign key FKmegulceyii61cx6yvqjk2arme
Hibernate: 
    alter table Purchase 
       drop 
       foreign key FKe38mi6hefejgcq3hhswf0vg2w
Hibernate: 
    alter table Review 
       drop 
       foreign key FKllu3c5acfdsewb2fg2s1e0dfd
Hibernate: 
    alter table route_driver 
       drop 
       foreign key FKfvldnxa4mb820mysg7daircty
Hibernate: 
    alter table route_driver 
       drop 
       foreign key FKf5b89brixnxjua499h8akt4dt
Hibernate: 
    alter table route_guide 
       drop 
       foreign key FKgkaxppoj3mr1gfohcx30ssoo4
Hibernate: 
    alter table route_guide 
       drop 
       foreign key FKodyvxgyq0bljjwi9kf4wl1bkx
Hibernate: 
    alter table route_stop 
       drop 
       foreign key FKdhlwk9t89bsdrleqsk6a1edns
Hibernate: 
    alter table route_stop 
       drop 
       foreign key FKsdni7jndcjyk8dd3sscmipo4y
Hibernate: 
    alter table Service 
       drop 
       foreign key FK7r8rfu8lnotaryukymhmmt4x2
Hibernate: 
    drop table if exists AppUser
Hibernate: 
    drop table if exists itemService
Hibernate: 
    drop table if exists Purchase
Hibernate: 
    drop table if exists Review
Hibernate: 
    drop table if exists Route
Hibernate: 
    drop table if exists route_driver
Hibernate: 
    drop table if exists route_guide
Hibernate: 
    drop table if exists route_stop
Hibernate: 
    drop table if exists Service
Hibernate: 
    drop table if exists Stop
Hibernate: 
    drop table if exists Supplier
Hibernate: 
    create table AppUser (
        active bit not null,
        date datetime(6) not null,
        id bigint not null auto_increment,
        phoneNumber varchar(15) not null,
        type varchar(31) not null,
        password varchar(511) not null,
        education varchar(255),
        email varchar(255) not null,
        expedient varchar(255),
        name varchar(255) not null,
        username varchar(255) not null,
        primary key (id)
    ) engine=InnoDB
Hibernate: 
    create table itemService (
        quantity integer not null,
        id bigint not null auto_increment,
        purchase_id bigint not null,
        service_id bigint not null,
        primary key (id)
    ) engine=InnoDB
Hibernate: 
    create table Purchase (
        totalPrice float(23) not null,
        date datetime(6) not null,
        id bigint not null auto_increment,
        route_id bigint not null,
        user_id bigint not null,
        code varchar(255) not null,
        primary key (id)
    ) engine=InnoDB
Hibernate: 
    create table Review (
        rating integer not null,
        id bigint not null auto_increment,
        purchase_id bigint not null,
        comment varchar(1023),
        primary key (id)
    ) engine=InnoDB
Hibernate: 
    create table Route (
        maxNumberUsers integer not null,
        price float(23) not null,
        totalKm float(23) not null,
        id bigint not null auto_increment,
        name varchar(255) not null,
        primary key (id)
    ) engine=InnoDB
Hibernate: 
    create table route_driver (
        driverUser_id bigint not null,
        route_id bigint not null
    ) engine=InnoDB
Hibernate: 
    create table route_guide (
        route_id bigint not null,
        tourGuideUser_id bigint not null
    ) engine=InnoDB
Hibernate: 
    create table route_stop (
        route_id bigint not null,
        stop_id bigint not null
    ) engine=InnoDB
Hibernate: 
    create table Service (
        price float(23) not null,
        id bigint not null auto_increment,
        supplier_id bigint not null,
        description varchar(255) not null,
        name varchar(255) not null,
        primary key (id)
    ) engine=InnoDB
Hibernate: 
    create table Stop (
        id bigint not null auto_increment,
        description varchar(1023) not null,
        name varchar(255) not null,
        primary key (id)
    ) engine=InnoDB
Hibernate: 
    create table Supplier (
        id bigint not null auto_increment,
        authorizationNumber varchar(255) not null,
        businessName varchar(255) not null,
        primary key (id)
    ) engine=InnoDB
Hibernate: 
    alter table AppUser 
       add constraint UK_atqgqm46rh7b0lrgl80ryd5tp unique (username)
Hibernate: 
    alter table Review 
       add constraint UK_k1hayctsk7sh28pkewme2cpwh unique (purchase_id)
Hibernate: 
    alter table itemService 
       add constraint FK3fbbga5kfjuayy3gc85x7cln3 
       foreign key (purchase_id) 
       references Purchase (id)
Hibernate: 
    alter table itemService 
       add constraint FKou28loyvo5p5evnmi6re1yvxb 
       foreign key (service_id) 
       references Service (id)
Hibernate: 
    alter table Purchase 
       add constraint FKmegulceyii61cx6yvqjk2arme 
       foreign key (route_id) 
       references Route (id)
Hibernate: 
    alter table Purchase 
       add constraint FKe38mi6hefejgcq3hhswf0vg2w 
       foreign key (user_id) 
       references AppUser (id)
Hibernate: 
    alter table Review 
       add constraint FKllu3c5acfdsewb2fg2s1e0dfd 
       foreign key (purchase_id) 
       references Purchase (id)
Hibernate: 
    alter table route_driver 
       add constraint FKfvldnxa4mb820mysg7daircty 
       foreign key (driverUser_id) 
       references AppUser (id)
Hibernate: 
    alter table route_driver 
       add constraint FKf5b89brixnxjua499h8akt4dt 
       foreign key (route_id) 
       references Route (id)
Hibernate: 
    alter table route_guide 
       add constraint FKgkaxppoj3mr1gfohcx30ssoo4 
       foreign key (tourGuideUser_id) 
       references AppUser (id)
Hibernate: 
    alter table route_guide 
       add constraint FKodyvxgyq0bljjwi9kf4wl1bkx 
       foreign key (route_id) 
       references Route (id)
Hibernate: 
    alter table route_stop 
       add constraint FKdhlwk9t89bsdrleqsk6a1edns 
       foreign key (stop_id) 
       references Stop (id)
Hibernate: 
    alter table route_stop 
       add constraint FKsdni7jndcjyk8dd3sscmipo4y 
       foreign key (route_id) 
       references Route (id)
Hibernate: 
    alter table Service 
       add constraint FK7r8rfu8lnotaryukymhmmt4x2 
       foreign key (supplier_id) 
       references Supplier (id)
Hibernate: 
    select
        u1_0.id,
        u1_0.type,
        u1_0.active,
        u1_0.date,
        u1_0.email,
        u1_0.name,
        u1_0.password,
        u1_0.phoneNumber,
        u1_0.username,
        u1_0.expedient,
        u1_0.education 
    from
        AppUser u1_0 
    where
        u1_0.username=?
Hibernate: 
    insert 
    into
        AppUser
        (active, date, email, name, password, phoneNumber, username, type) 
    values
        (?, ?, ?, ?, ?, ?, ?, 'User')
Hibernate: 
    insert 
    into
        Stop
        (description, name) 
    values
        (?, ?)
Hibernate: 
    insert 
    into
        Stop
        (description, name) 
    values
        (?, ?)
Hibernate: 
    insert 
    into
        Stop
        (description, name) 
    values
        (?, ?)
]]></system-out>
    <system-err><![CDATA[WARNING: A Java agent has been loaded dynamically (C:\Users\ide08\.m2\repository\net\bytebuddy\byte-buddy-agent\1.14.12\byte-buddy-agent-1.14.12.jar)
WARNING: If a serviceability tool is in use, please run with -XX:+EnableDynamicAgentLoading to hide this warning
WARNING: If a serviceability tool is not in use, please run with -Djdk.instrument.traceUsage for more information
WARNING: Dynamic loading of agents will be disallowed by default in a future release
]]></system-err>
  </testcase>
  <testcase name="createAndGetUserTest" classname="unlp.info.bd2.ToursApplicationTests" time="0.071">
    <failure message="expected: &lt;true&gt; but was: &lt;false&gt;" type="org.opentest4j.AssertionFailedError"><![CDATA[org.opentest4j.AssertionFailedError: expected: <true> but was: <false>
	at org.junit.jupiter.api.AssertionFailureBuilder.build(AssertionFailureBuilder.java:151)
	at org.junit.jupiter.api.AssertionFailureBuilder.buildAndThrow(AssertionFailureBuilder.java:132)
	at org.junit.jupiter.api.AssertTrue.failNotTrue(AssertTrue.java:63)
	at org.junit.jupiter.api.AssertTrue.assertTrue(AssertTrue.java:36)
	at org.junit.jupiter.api.AssertTrue.assertTrue(AssertTrue.java:31)
	at org.junit.jupiter.api.Assertions.assertTrue(Assertions.java:183)
	at unlp.info.bd2.ToursApplicationTests.createAndGetUserTest(ToursApplicationTests.java:66)
	at java.base/java.lang.reflect.Method.invoke(Method.java:580)
	at java.base/java.util.ArrayList.forEach(ArrayList.java:1596)
	at java.base/java.util.ArrayList.forEach(ArrayList.java:1596)
]]></failure>
    <system-out><![CDATA[Hibernate: 
    select
        u1_0.id,
        u1_0.type,
        u1_0.active,
        u1_0.date,
        u1_0.email,
        u1_0.name,
        u1_0.password,
        u1_0.phoneNumber,
        u1_0.username,
        u1_0.expedient,
        u1_0.education 
    from
        AppUser u1_0 
    where
        u1_0.username=?
Hibernate: 
    insert 
    into
        AppUser
        (active, date, email, name, password, phoneNumber, username, type) 
    values
        (?, ?, ?, ?, ?, ?, ?, 'User')
Hibernate: 
    select
        u1_0.id,
        u1_0.type,
        u1_0.active,
        u1_0.date,
        u1_0.email,
        u1_0.name,
        u1_0.password,
        u1_0.phoneNumber,
        u1_0.username,
        u1_0.expedient,
        u1_0.education 
    from
        AppUser u1_0 
    where
        u1_0.username=?
Hibernate: 
    insert 
    into
        AppUser
        (active, date, email, name, password, phoneNumber, username, expedient, type) 
    values
        (?, ?, ?, ?, ?, ?, ?, ?, 'Driver')
Hibernate: 
    select
        u1_0.id,
        u1_0.type,
        u1_0.active,
        u1_0.date,
        u1_0.email,
        u1_0.name,
        u1_0.password,
        u1_0.phoneNumber,
        u1_0.username,
        u1_0.expedient,
        u1_0.education 
    from
        AppUser u1_0 
    where
        u1_0.username=?
Hibernate: 
    insert 
    into
        AppUser
        (active, date, email, name, password, phoneNumber, username, education, type) 
    values
        (?, ?, ?, ?, ?, ?, ?, ?, 'TourGuide')
Hibernate: 
    select
        u1_0.id,
        u1_0.type,
        u1_0.active,
        u1_0.date,
        u1_0.email,
        u1_0.name,
        u1_0.password,
        u1_0.phoneNumber,
        u1_0.username,
        u1_0.expedient,
        u1_0.education,
        pl1_0.user_id,
        pl1_0.id,
        pl1_0.code,
        pl1_0.date,
        r1_0.id,
        r1_0.comment,
        r1_0.purchase_id,
        r1_0.rating,
        pl1_0.route_id,
        r2_0.id,
        r2_0.maxNumberUsers,
        r2_0.name,
        r2_0.price,
        r2_0.totalKm,
        pl1_0.totalPrice 
    from
        AppUser u1_0 
    left join
        Purchase pl1_0 
            on u1_0.id=pl1_0.user_id 
    left join
        Review r1_0 
            on pl1_0.id=r1_0.purchase_id 
    left join
        Route r2_0 
            on r2_0.id=pl1_0.route_id 
    where
        u1_0.id=?
]]></system-out>
  </testcase>
  <testcase name="assignWorkersToRoutesTest" classname="unlp.info.bd2.ToursApplicationTests" time="0.04">
    <error message="Cannot invoke &quot;unlp.info.bd2.model.Route.getId()&quot; because &quot;route1&quot; is null" type="java.lang.NullPointerException"><![CDATA[java.lang.NullPointerException: Cannot invoke "unlp.info.bd2.model.Route.getId()" because "route1" is null
	at unlp.info.bd2.ToursApplicationTests.assignWorkersToRoutesTest(ToursApplicationTests.java:155)
	at java.base/java.lang.reflect.Method.invoke(Method.java:580)
	at java.base/java.util.ArrayList.forEach(ArrayList.java:1596)
	at java.base/java.util.ArrayList.forEach(ArrayList.java:1596)
]]></error>
    <system-out><![CDATA[Hibernate: 
    insert 
    into
        Stop
        (description, name) 
    values
        (?, ?)
Hibernate: 
    insert 
    into
        Stop
        (description, name) 
    values
        (?, ?)
Hibernate: 
    insert 
    into
        Stop
        (description, name) 
    values
        (?, ?)
Hibernate: 
    select
        u1_0.id,
        u1_0.type,
        u1_0.active,
        u1_0.date,
        u1_0.email,
        u1_0.name,
        u1_0.password,
        u1_0.phoneNumber,
        u1_0.username,
        u1_0.expedient,
        u1_0.education 
    from
        AppUser u1_0 
    where
        u1_0.username=?
Hibernate: 
    insert 
    into
        AppUser
        (active, date, email, name, password, phoneNumber, username, expedient, type) 
    values
        (?, ?, ?, ?, ?, ?, ?, ?, 'Driver')
Hibernate: 
    select
        u1_0.id,
        u1_0.type,
        u1_0.active,
        u1_0.date,
        u1_0.email,
        u1_0.name,
        u1_0.password,
        u1_0.phoneNumber,
        u1_0.username,
        u1_0.expedient,
        u1_0.education 
    from
        AppUser u1_0 
    where
        u1_0.username=?
Hibernate: 
    insert 
    into
        AppUser
        (active, date, email, name, password, phoneNumber, username, expedient, type) 
    values
        (?, ?, ?, ?, ?, ?, ?, ?, 'Driver')
Hibernate: 
    select
        u1_0.id,
        u1_0.type,
        u1_0.active,
        u1_0.date,
        u1_0.email,
        u1_0.name,
        u1_0.password,
        u1_0.phoneNumber,
        u1_0.username,
        u1_0.expedient,
        u1_0.education 
    from
        AppUser u1_0 
    where
        u1_0.username=?
Hibernate: 
    insert 
    into
        AppUser
        (active, date, email, name, password, phoneNumber, username, education, type) 
    values
        (?, ?, ?, ?, ?, ?, ?, ?, 'TourGuide')
]]></system-out>
  </testcase>
  <testcase name="createAndGetPurchaseTest" classname="unlp.info.bd2.ToursApplicationTests" time="0.026">
    <error message="Cannot invoke &quot;unlp.info.bd2.model.Purchase.getId()&quot; because &quot;purchase1&quot; is null" type="java.lang.NullPointerException"><![CDATA[java.lang.NullPointerException: Cannot invoke "unlp.info.bd2.model.Purchase.getId()" because "purchase1" is null
	at unlp.info.bd2.ToursApplicationTests.createAndGetPurchaseTest(ToursApplicationTests.java:229)
	at java.base/java.lang.reflect.Method.invoke(Method.java:580)
	at java.base/java.util.ArrayList.forEach(ArrayList.java:1596)
	at java.base/java.util.ArrayList.forEach(ArrayList.java:1596)
]]></error>
    <system-out><![CDATA[Hibernate: 
    select
        u1_0.id,
        u1_0.type,
        u1_0.active,
        u1_0.date,
        u1_0.email,
        u1_0.name,
        u1_0.password,
        u1_0.phoneNumber,
        u1_0.username,
        u1_0.expedient,
        u1_0.education 
    from
        AppUser u1_0 
    where
        u1_0.username=?
Hibernate: 
    insert 
    into
        AppUser
        (active, date, email, name, password, phoneNumber, username, type) 
    values
        (?, ?, ?, ?, ?, ?, ?, 'User')
Hibernate: 
    insert 
    into
        Stop
        (description, name) 
    values
        (?, ?)
Hibernate: 
    insert 
    into
        Stop
        (description, name) 
    values
        (?, ?)
Hibernate: 
    insert 
    into
        Stop
        (description, name) 
    values
        (?, ?)
]]></system-out>
  </testcase>
  <testcase name="removePurchaseAndItems" classname="unlp.info.bd2.ToursApplicationTests" time="0.027">
    <error message="Cannot invoke &quot;unlp.info.bd2.model.Service.getItemServiceList()&quot; because &quot;service1&quot; is null" type="java.lang.NullPointerException"><![CDATA[java.lang.NullPointerException: Cannot invoke "unlp.info.bd2.model.Service.getItemServiceList()" because "service1" is null
	at unlp.info.bd2.ToursApplicationTests.removePurchaseAndItems(ToursApplicationTests.java:267)
	at java.base/java.lang.reflect.Method.invoke(Method.java:580)
	at java.base/java.util.ArrayList.forEach(ArrayList.java:1596)
	at java.base/java.util.ArrayList.forEach(ArrayList.java:1596)
]]></error>
    <system-out><![CDATA[Hibernate: 
    select
        u1_0.id,
        u1_0.type,
        u1_0.active,
        u1_0.date,
        u1_0.email,
        u1_0.name,
        u1_0.password,
        u1_0.phoneNumber,
        u1_0.username,
        u1_0.expedient,
        u1_0.education 
    from
        AppUser u1_0 
    where
        u1_0.username=?
Hibernate: 
    insert 
    into
        AppUser
        (active, date, email, name, password, phoneNumber, username, type) 
    values
        (?, ?, ?, ?, ?, ?, ?, 'User')
Hibernate: 
    insert 
    into
        Stop
        (description, name) 
    values
        (?, ?)
Hibernate: 
    insert 
    into
        Stop
        (description, name) 
    values
        (?, ?)
Hibernate: 
    insert 
    into
        Stop
        (description, name) 
    values
        (?, ?)
]]></system-out>
  </testcase>
  <testcase name="createAndGetRoutesAndStopsTest" classname="unlp.info.bd2.ToursApplicationTests" time="0.047">
    <error message="No default constructor for entity &apos;unlp.info.bd2.model.Stop&apos;" type="org.hibernate.InstantiationException"><![CDATA[org.hibernate.InstantiationException: No default constructor for entity 'unlp.info.bd2.model.Stop'
	at org.hibernate.metamodel.internal.EntityInstantiatorPojoStandard.instantiate(EntityInstantiatorPojoStandard.java:93)
	at org.hibernate.persister.entity.AbstractEntityPersister.instantiate(AbstractEntityPersister.java:4586)
	at org.hibernate.internal.SessionImpl.instantiate(SessionImpl.java:1463)
	at org.hibernate.sql.results.graph.entity.AbstractEntityInitializer.instantiateEntity(AbstractEntityInitializer.java:691)
	at org.hibernate.sql.results.graph.entity.AbstractEntityInitializer.resolveEntityInstance(AbstractEntityInitializer.java:684)
	at org.hibernate.sql.results.graph.entity.AbstractEntityInitializer.resolveInstance(AbstractEntityInitializer.java:650)
	at org.hibernate.sql.results.graph.entity.AbstractEntityInitializer.resolveEntityInstance(AbstractEntityInitializer.java:568)
	at org.hibernate.sql.results.graph.entity.AbstractEntityInitializer.resolveInstance(AbstractEntityInitializer.java:403)
	at org.hibernate.sql.results.internal.InitializersList.resolveInstances(InitializersList.java:88)
	at org.hibernate.sql.results.internal.StandardRowReader.coordinateInitializers(StandardRowReader.java:108)
	at org.hibernate.sql.results.internal.StandardRowReader.readRow(StandardRowReader.java:86)
	at org.hibernate.sql.results.spi.ListResultsConsumer.consume(ListResultsConsumer.java:203)
	at org.hibernate.sql.results.spi.ListResultsConsumer.consume(ListResultsConsumer.java:33)
	at org.hibernate.sql.exec.internal.JdbcSelectExecutorStandardImpl.doExecuteQuery(JdbcSelectExecutorStandardImpl.java:209)
	at org.hibernate.sql.exec.internal.JdbcSelectExecutorStandardImpl.executeQuery(JdbcSelectExecutorStandardImpl.java:83)
	at org.hibernate.sql.exec.spi.JdbcSelectExecutor.list(JdbcSelectExecutor.java:76)
	at org.hibernate.sql.exec.spi.JdbcSelectExecutor.list(JdbcSelectExecutor.java:65)
	at org.hibernate.query.sqm.internal.ConcreteSqmSelectQueryPlan.lambda$new$2(ConcreteSqmSelectQueryPlan.java:137)
	at org.hibernate.query.sqm.internal.ConcreteSqmSelectQueryPlan.withCacheableSqmInterpretation(ConcreteSqmSelectQueryPlan.java:362)
	at org.hibernate.query.sqm.internal.ConcreteSqmSelectQueryPlan.performList(ConcreteSqmSelectQueryPlan.java:303)
	at org.hibernate.query.sqm.internal.QuerySqmImpl.doList(QuerySqmImpl.java:509)
	at org.hibernate.query.spi.AbstractSelectionQuery.list(AbstractSelectionQuery.java:427)
	at unlp.info.bd2.repositories.ToursRepositoryImpl.getStopByNameStart(ToursRepositoryImpl.java:106)
	at java.base/jdk.internal.reflect.DirectMethodHandleAccessor.invoke(DirectMethodHandleAccessor.java:103)
	at java.base/java.lang.reflect.Method.invoke(Method.java:580)
	at org.springframework.aop.support.AopUtils.invokeJoinpointUsingReflection(AopUtils.java:351)
	at org.springframework.aop.framework.JdkDynamicAopProxy.invoke(JdkDynamicAopProxy.java:213)
	at jdk.proxy2/jdk.proxy2.$Proxy80.getStopByNameStart(Unknown Source)
	at unlp.info.bd2.services.ToursServiceImpl.getStopByNameStart(ToursServiceImpl.java:77)
	at unlp.info.bd2.ToursApplicationTests.createAndGetRoutesAndStopsTest(ToursApplicationTests.java:117)
	at java.base/java.lang.reflect.Method.invoke(Method.java:580)
	at java.base/java.util.ArrayList.forEach(ArrayList.java:1596)
	at java.base/java.util.ArrayList.forEach(ArrayList.java:1596)
]]></error>
    <system-out><![CDATA[Hibernate: 
    insert 
    into
        Stop
        (description, name) 
    values
        (?, ?)
Hibernate: 
    insert 
    into
        Stop
        (description, name) 
    values
        (?, ?)
Hibernate: 
    insert 
    into
        Stop
        (description, name) 
    values
        (?, ?)
Hibernate: 
    select
        s1_0.id,
        s1_0.description,
        s1_0.name 
    from
        Stop s1_0 
    where
        s1_0.name like ? escape ''
]]></system-out>
  </testcase>
  <testcase name="createAndGetSupplierAndService" classname="unlp.info.bd2.ToursApplicationTests" time="0.007">
    <error message="Cannot invoke &quot;unlp.info.bd2.model.Supplier.getId()&quot; because &quot;supplier1&quot; is null" type="java.lang.NullPointerException"><![CDATA[java.lang.NullPointerException: Cannot invoke "unlp.info.bd2.model.Supplier.getId()" because "supplier1" is null
	at unlp.info.bd2.ToursApplicationTests.createAndGetSupplierAndService(ToursApplicationTests.java:172)
	at java.base/java.lang.reflect.Method.invoke(Method.java:580)
	at java.base/java.util.ArrayList.forEach(ArrayList.java:1596)
	at java.base/java.util.ArrayList.forEach(ArrayList.java:1596)
]]></error>
  </testcase>
  <testcase name="updateUserTest" classname="unlp.info.bd2.ToursApplicationTests" time="0.07">
    <failure message="expected: &lt;true&gt; but was: &lt;false&gt;" type="org.opentest4j.AssertionFailedError"><![CDATA[org.opentest4j.AssertionFailedError: expected: <true> but was: <false>
	at org.junit.jupiter.api.AssertionFailureBuilder.build(AssertionFailureBuilder.java:151)
	at org.junit.jupiter.api.AssertionFailureBuilder.buildAndThrow(AssertionFailureBuilder.java:132)
	at org.junit.jupiter.api.AssertTrue.failNotTrue(AssertTrue.java:63)
	at org.junit.jupiter.api.AssertTrue.assertTrue(AssertTrue.java:36)
	at org.junit.jupiter.api.AssertTrue.assertTrue(AssertTrue.java:31)
	at org.junit.jupiter.api.Assertions.assertTrue(Assertions.java:183)
	at unlp.info.bd2.ToursApplicationTests.updateUserTest(ToursApplicationTests.java:105)
	at java.base/java.lang.reflect.Method.invoke(Method.java:580)
	at java.base/java.util.ArrayList.forEach(ArrayList.java:1596)
	at java.base/java.util.ArrayList.forEach(ArrayList.java:1596)
]]></failure>
    <system-out><![CDATA[Hibernate: 
    select
        u1_0.id,
        u1_0.type,
        u1_0.active,
        u1_0.date,
        u1_0.email,
        u1_0.name,
        u1_0.password,
        u1_0.phoneNumber,
        u1_0.username,
        u1_0.expedient,
        u1_0.education 
    from
        AppUser u1_0 
    where
        u1_0.username=?
Hibernate: 
    insert 
    into
        AppUser
        (active, date, email, name, password, phoneNumber, username, type) 
    values
        (?, ?, ?, ?, ?, ?, ?, 'User')
Hibernate: 
    select
        u1_0.id,
        u1_0.type,
        u1_0.active,
        u1_0.date,
        u1_0.email,
        u1_0.name,
        u1_0.password,
        u1_0.phoneNumber,
        u1_0.username,
        u1_0.expedient,
        u1_0.education 
    from
        AppUser u1_0 
    where
        u1_0.username=?
Hibernate: 
    insert 
    into
        AppUser
        (active, date, email, name, password, phoneNumber, username, expedient, type) 
    values
        (?, ?, ?, ?, ?, ?, ?, ?, 'Driver')
Hibernate: 
    update
        AppUser 
    set
        active=?,
        date=?,
        email=?,
        name=?,
        password=?,
        phoneNumber=?,
        username=? 
    where
        id=?
Hibernate: 
    select
        u1_0.id,
        u1_0.type,
        u1_0.active,
        u1_0.date,
        u1_0.email,
        u1_0.name,
        u1_0.password,
        u1_0.phoneNumber,
        u1_0.username,
        u1_0.expedient,
        u1_0.education 
    from
        AppUser u1_0 
    where
        u1_0.username=?
Hibernate: 
    update
        AppUser 
    set
        active=?,
        date=?,
        email=?,
        name=?,
        password=?,
        phoneNumber=?,
        username=?,
        expedient=? 
    where
        id=?
Hibernate: 
    select
        u1_0.id,
        u1_0.type,
        u1_0.active,
        u1_0.date,
        u1_0.email,
        u1_0.name,
        u1_0.password,
        u1_0.phoneNumber,
        u1_0.username,
        u1_0.expedient,
        u1_0.education 
    from
        AppUser u1_0 
    where
        u1_0.username=?
Hibernate: 
    update
        AppUser 
    set
        active=?,
        date=?,
        email=?,
        name=?,
        password=?,
        phoneNumber=?,
        username=? 
    where
        id=?
Hibernate: 
    select
        u1_0.id,
        u1_0.type,
        u1_0.active,
        u1_0.date,
        u1_0.email,
        u1_0.name,
        u1_0.password,
        u1_0.phoneNumber,
        u1_0.username,
        u1_0.expedient,
        u1_0.education 
    from
        AppUser u1_0 
    where
        u1_0.username=?
Hibernate: 
    select
        u1_0.id,
        u1_0.type,
        u1_0.active,
        u1_0.date,
        u1_0.email,
        u1_0.name,
        u1_0.password,
        u1_0.phoneNumber,
        u1_0.username,
        u1_0.expedient,
        u1_0.education 
    from
        AppUser u1_0 
    where
        u1_0.username=?
Hibernate: 
    select
        u1_0.id,
        u1_0.type,
        u1_0.active,
        u1_0.date,
        u1_0.email,
        u1_0.name,
        u1_0.password,
        u1_0.phoneNumber,
        u1_0.username,
        u1_0.expedient,
        u1_0.education 
    from
        AppUser u1_0 
    where
        u1_0.username=?
]]></system-out>
  </testcase>
  <testcase name="deleteUserTest" classname="unlp.info.bd2.ToursApplicationTests" time="0.023">
    <error message="Tried to delete non-existent user" type="unlp.info.bd2.utils.ToursException"><![CDATA[unlp.info.bd2.utils.ToursException: Tried to delete non-existent user
	at unlp.info.bd2.repositories.ToursRepositoryImpl.deleteUser(ToursRepositoryImpl.java:82)
	at java.base/jdk.internal.reflect.DirectMethodHandleAccessor.invoke(DirectMethodHandleAccessor.java:103)
	at java.base/java.lang.reflect.Method.invoke(Method.java:580)
	at org.springframework.aop.support.AopUtils.invokeJoinpointUsingReflection(AopUtils.java:351)
	at org.springframework.aop.framework.JdkDynamicAopProxy.invoke(JdkDynamicAopProxy.java:213)
	at jdk.proxy2/jdk.proxy2.$Proxy80.deleteUser(Unknown Source)
	at unlp.info.bd2.services.ToursServiceImpl.deleteUser(ToursServiceImpl.java:61)
	at unlp.info.bd2.ToursApplicationTests.deleteUserTest(ToursApplicationTests.java:298)
	at java.base/java.lang.reflect.Method.invoke(Method.java:580)
	at java.base/java.util.ArrayList.forEach(ArrayList.java:1596)
	at java.base/java.util.ArrayList.forEach(ArrayList.java:1596)
]]></error>
    <system-out><![CDATA[Hibernate: 
    select
        u1_0.id,
        u1_0.type,
        u1_0.active,
        u1_0.date,
        u1_0.email,
        u1_0.name,
        u1_0.password,
        u1_0.phoneNumber,
        u1_0.username,
        u1_0.expedient,
        u1_0.education 
    from
        AppUser u1_0 
    where
        u1_0.username=?
Hibernate: 
    insert 
    into
        AppUser
        (active, date, email, name, password, phoneNumber, username, type) 
    values
        (?, ?, ?, ?, ?, ?, ?, 'User')
Hibernate: 
    select
        u1_0.id,
        u1_0.type,
        u1_0.active,
        u1_0.date,
        u1_0.email,
        u1_0.name,
        u1_0.password,
        u1_0.phoneNumber,
        u1_0.username,
        u1_0.expedient,
        u1_0.education,
        pl1_0.user_id,
        pl1_0.id,
        pl1_0.code,
        pl1_0.date,
        r1_0.id,
        r1_0.comment,
        r1_0.purchase_id,
        r1_0.rating,
        pl1_0.route_id,
        r2_0.id,
        r2_0.maxNumberUsers,
        r2_0.name,
        r2_0.price,
        r2_0.totalKm,
        pl1_0.totalPrice 
    from
        AppUser u1_0 
    left join
        Purchase pl1_0 
            on u1_0.id=pl1_0.user_id 
    left join
        Review r1_0 
            on pl1_0.id=r1_0.purchase_id 
    left join
        Route r2_0 
            on r2_0.id=pl1_0.route_id 
    where
        u1_0.id=?
]]></system-out>
  </testcase>
  <testcase name="updateServicePriceTest" classname="unlp.info.bd2.ToursApplicationTests" time="0.006">
    <error message="Cannot invoke &quot;unlp.info.bd2.model.Service.getPrice()&quot; because &quot;service1&quot; is null" type="java.lang.NullPointerException"><![CDATA[java.lang.NullPointerException: Cannot invoke "unlp.info.bd2.model.Service.getPrice()" because "service1" is null
	at unlp.info.bd2.ToursApplicationTests.updateServicePriceTest(ToursApplicationTests.java:207)
	at java.base/java.lang.reflect.Method.invoke(Method.java:580)
	at java.base/java.util.ArrayList.forEach(ArrayList.java:1596)
	at java.base/java.util.ArrayList.forEach(ArrayList.java:1596)
]]></error>
  </testcase>
</testsuite>